<?xml version="1.0" encoding="UTF-8"?>
<!-- Generated by org.testng.reporters.JUnitReportReporter -->
<testsuite hostname="DESKTOP-K3FAJF5" failures="0" tests="1" name="test.com.ProductSearchTest" time="48.310" errors="0" timestamp="9 Dec 2022 00:00:58 GMT">
  <testcase classname="test.com.ProductSearchTest" name="photopage" time="48.310"/>
</testsuite> <!-- test.com.ProductSearchTest -->
