<?xml version="1.0" encoding="UTF-8"?>
<!-- Generated by org.testng.reporters.JUnitReportReporter -->
<testsuite hostname="DESKTOP-K3FAJF5" failures="0" tests="1" name="test.com.ProductsTest" time="266.307" errors="0" timestamp="8 Dec 2022 23:57:15 GMT">
  <testcase classname="test.com.ProductsTest" name="testProductSearchTestcase" time="266.307"/>
</testsuite> <!-- test.com.ProductsTest -->
